<?xml version="1.0" encoding="UTF-8"?>
<!-- Generated by org.testng.reporters.JUnitReportReporter -->
<testsuite hostname="Admin-PC" failures="0" tests="2" name="com.testNG.com.Browser_Lunch" time="0.022" errors="0" timestamp="2021-06-08T15:55:42 IST" skipped="0">
  <testcase classname="com.testNG.com.Browser_Lunch" name="addcart" time="0.018"/>
  <testcase classname="com.testNG.com.Browser_Lunch" name="iphonesearch" time="0.004"/>
</testsuite> <!-- com.testNG.com.Browser_Lunch -->
