<?xml version="1.0" encoding="UTF-8"?>
<!-- Generated by org.testng.reporters.JUnitReportReporter -->
<testsuite hostname="Admin-PC" failures="0" tests="3" name="com.testNG.com.Ignoretest_Class" time="0.017" errors="0" timestamp="2021-06-12T12:26:54 IST" skipped="2">
  <testcase classname="com.testNG.com.Ignoretest_Class" name="yellow" time="0.017"/>
  <testcase classname="com.testNG.com.Ignoretest_Class" name="green">
    <skipped/>
  </testcase> <!-- green -->
  <testcase classname="com.testNG.com.Ignoretest_Class" name="red">
    <skipped/>
  </testcase> <!-- red -->
</testsuite> <!-- com.testNG.com.Ignoretest_Class -->
